make all -f "/Users/myriamrihani/git/Drugminder/Testing/Makefile" --print-data-base --no-builtin-variables --no-builtin-rules --question
# GNU Make 3.81
# Copyright (C) 2006  Free Software Foundation, Inc.
# This is free software; see the source for copying conditions.
# There is NO warranty; not even for MERCHANTABILITY or FITNESS FOR A
# PARTICULAR PURPOSE.

# This program built for i386-apple-darwin11.3.0
 
find: /Users/myriamrihani/git/Drugminder/Testing/include: No such file or directory
 
find: /Users/myriamrihani/git/Drugminder/Testing/lib: No such file or directory
 

# Make data base, printed on Sun Nov 14 19:54:06 2021

# Variables

# automatic
<D = $(patsubst %/,%,$(dir $<))
# automatic
?F = $(notdir $?)
# makefile (from `/Users/myriamrihani/git/Drugminder/Testing/Makefile', line 21)
SRC := /Users/myriamrihani/git/Drugminder/Testing/src
# environment
VSCODE_LOG_NATIVE = false
# automatic
?D = $(patsubst %/,%,$(dir $?))
# environment
PLATFORMIO_IDE = 2.4.0
# makefile (from `/Users/myriamrihani/git/Drugminder/Testing/Makefile', line 48)
INCLUDES := 
# automatic
@D = $(patsubst %/,%,$(dir $@))
# automatic
@F = $(notdir $@)
# makefile
CURDIR := /Users/myriamrihani/git/Drugminder
# makefile
 
SHELL = /bin/sh
# makefile (from `/Users/myriamrihani/git/Drugminder/Testing/Makefile', line 43)
RM = rm -f
# environment
VSCODE_NLS_CONFIG = {"locale":"en-gb","availableLanguages":{},"_languagePackSupport":true}
# environment
_ = /usr/bin/make
# makefile (from `/Users/myriamrihani/git/Drugminder/Testing/Makefile', line 1)
MAKEFILE_LIST :=  /Users/myriamrihani/git/Drugminder/Testing/Makefile
# makefile (from `/Users/myriamrihani/git/Drugminder/Testing/Makefile', line 54)
SOURCES := /Users/myriamrihani/git/Drugminder/Testing/src/main.cpp /Users/myriamrihani/git/Drugminder/Testing/src/pill.cpp
# makefile (from `/Users/myriamrihani/git/Drugminder/Testing/Makefile', line 10)
CXXFLAGS := -std=c++17 -Wall -Wextra -g
# environment
VSCODE_VERBOSE_LOGGING = true
# environment
__CFBundleIdentifier = com.microsoft.VSCode
# environment
VSCODE_IPC_HOOK_EXTHOST = /var/folders/qr/1xpt0d253879g_9m57ddfljh0000gn/T/vscode-ipc-b3b0b37a-8519-4d5f-b4d2-92c9deb7d2c5.sock
# environment
VSCODE_CWD = /
# environment
NO_PROXY = 127.0.0.1
# makefile (from `/Users/myriamrihani/git/Drugminder/Testing/Makefile', line 44)
MD := mkdir -p
# makefile (from `/Users/myriamrihani/git/Drugminder/Testing/Makefile', line 41)
LIBDIRS := 
# environment
VSCODE_LOG_STACK = false
# environment
ELECTRON_RUN_AS_NODE = 1
# makefile (from `/Users/myriamrihani/git/Drugminder/Testing/Makefile', line 27)
LIB := /Users/myriamrihani/git/Drugminder/Testing/lib
# default
.FEATURES := target-specific order-only second-expansion else-if archives jobserver check-symlink
# environment
SSH_AUTH_SOCK = /private/tmp/com.apple.launchd.Tq1vwE9451/Listeners
# automatic
%F = $(notdir $%)
# environment
DISPLAY = :0
# environment
CONDA_EXE = /Users/myriamrihani/opt/anaconda3/bin/conda
# environment
VSCODE_PIPE_LOGGING = true
# environment
PWD = /Users/myriamrihani/git/Drugminder
# makefile (from `/Users/myriamrihani/git/Drugminder/Testing/Makefile', line 65)
OUTPUTMAIN := /Users/myriamrihani/git/Drugminder/Testing/output/main
# environment
ORIGINAL_XDG_CURRENT_DESKTOP = undefined
# environment
VSCODE_AMD_ENTRYPOINT = vs/workbench/services/extensions/node/extensionHostProcess
# environment
HOME = /Users/myriamrihani
# default
MAKEFILEPATH := /Applications/Xcode.app/Contents/Developer/Makefiles
# environment
VSCODE_CODE_CACHE_PATH = /Users/myriamrihani/Library/Application Support/Code/CachedData/f4af3cbf5a99787542e2a30fe1fd37cd644cc31f
# environment
LOGNAME = myriamrihani
# environment
APPLICATION_INSIGHTS_NO_DIAGNOSTIC_CHANNEL = true
# environment
CONDA_PROMPT_MODIFIER = (base) 
# makefile (from `/Users/myriamrihani/git/Drugminder/Testing/Makefile', line 40)
INCLUDEDIRS := 
# environment
VSCODE_HANDLES_UNCAUGHT_ERRORS = true
# automatic
^D = $(patsubst %/,%,$(dir $^))
# environment
CONDA_DEFAULT_ENV = base
# environment
PLATFORMIO_PATH = /Users/myriamrihani/.platformio/penv/bin:/Users/myriamrihani/.platformio/penv:/Users/myriamrihani/.platformio/python3/bin:/Users/myriamrihani/opt/anaconda3/bin:/Users/myriamrihani/opt/anaconda3/condabin:/opt/local/bin:/opt/local/sbin:your_installation_path/Eclipse_e-puck2.app/Contents/Eclipse_e-puck2/Tools/gcc-arm-none-eabi-7-2017-q4-major/bin:/Library/Frameworks/Python.framework/Versions/3.9/bin:/usr/local/bin:/usr/bin:/bin:/usr/sbin:/sbin:/opt/X11/bin:/Library/Apple/usr/bin
# default
MAKE = $(MAKE_COMMAND)
# default
MAKECMDGOALS := all
# environment
PATH = /Users/myriamrihani/opt/anaconda3/bin:/Users/myriamrihani/opt/anaconda3/condabin:/opt/local/bin:/opt/local/sbin:your_installation_path/Eclipse_e-puck2.app/Contents/Eclipse_e-puck2/Tools/gcc-arm-none-eabi-7-2017-q4-major/bin:/Library/Frameworks/Python.framework/Versions/3.9/bin:/usr/local/bin:/usr/bin:/bin:/usr/sbin:/sbin:/opt/X11/bin:/Library/Apple/usr/bin
# environment
SHLVL = 2
# makefile (from `/Users/myriamrihani/git/Drugminder/Testing/Makefile', line 42)
FIXPATH = $1
# environment
XPC_FLAGS = 0x0
# default
MAKE_VERSION := 3.81
# environment
USER = myriamrihani
# makefile
.DEFAULT_GOAL := all
# makefile (from `/Users/myriamrihani/git/Drugminder/Testing/Makefile', line 24)
INCLUDE := /Users/myriamrihani/git/Drugminder/Testing/include
# makefile (from `/Users/myriamrihani/git/Drugminder/Testing/Makefile', line 39)
SOURCEDIRS := /Users/myriamrihani/git/Drugminder/Testing/src
# automatic
%D = $(patsubst %/,%,$(dir $%))
# makefile (from `/Users/myriamrihani/git/Drugminder/Testing/Makefile', line 15)
LFLAGS = 
# environment
CONDA_SHLVL = 1
# default
MAKE_COMMAND := /Applications/Xcode.app/Contents/Developer/usr/bin/make
# default
.VARIABLES := 
# environment
TMPDIR = /var/folders/qr/1xpt0d253879g_9m57ddfljh0000gn/T/
# automatic
*F = $(notdir $*)
# environment
VSCODE_IPC_HOOK = /Users/myriamrihani/Library/Application Support/Code/1.62.1-main.sock
# makefile
MAKEFLAGS = Rrqp
# environment
MFLAGS = -Rrqp
# automatic
*D = $(patsubst %/,%,$(dir $*))
# makefile (from `/Users/myriamrihani/git/Drugminder/Testing/Makefile', line 38)
MAIN := main
# environment
XPC_SERVICE_NAME = application.com.microsoft.VSCode.70349075.70349081
# automatic
+D = $(patsubst %/,%,$(dir $+))
 
# automatic
+F = $(notdir $+)
# makefile (from `/Users/myriamrihani/git/Drugminder/Testing/Makefile', line 18)
OUTPUT := /Users/myriamrihani/git/Drugminder/Testing/output
# environment
__CF_USER_TEXT_ENCODING = 0x1F5:0x0:0x0
# environment
COMMAND_MODE = unix2003
# default
MAKEFILES := 
# automatic
<F = $(notdir $<)
# environment
PLATFORMIO_CALLER = vscode
# makefile (from `/Users/myriamrihani/git/Drugminder/Testing/Makefile', line 7)
CXX = g++
# environment
LC_ALL = C
# environment
CONDA_PYTHON_EXE = /Users/myriamrihani/opt/anaconda3/bin/python
# makefile (from `/Users/myriamrihani/git/Drugminder/Testing/Makefile', line 51)
LIBS := 
# automatic
^F = $(notdir $^)
# default
SUFFIXES := 
# environment
_CE_M = 
# default
.INCLUDE_DIRS = /usr/local/include
# environment
MAKELEVEL := 0
# makefile (from `/Users/myriamrihani/git/Drugminder/Testing/Makefile', line 57)
OBJECTS := /Users/myriamrihani/git/Drugminder/Testing/src/main.o /Users/myriamrihani/git/Drugminder/Testing/src/pill.o
# environment
CONDA_PREFIX = /Users/myriamrihani/opt/anaconda3
# environment
VSCODE_PID = 1653
# environment
_CE_CONDA = 
# environment
LANG = C
# variable set hash-table stats:
# Load=94/1024=9%, Rehash=0, Collisions=6/150=4%

# Pattern-specific Variable Values

# No pattern-specific variable values.

# Directories

# /Users/myriamrihani/git/Drugminder/Testing/src (device 16777224, inode 70601452): 7 files, no impossibilities.

# 7 files, no impossibilities in 1 directories.

# Implicit Rules

# No implicit rules.

# Files

all: /Users/myriamrihani/git/Drugminder/Testing/output main
#  Command-line target.
#  Implicit rule search has not been done.
#  File does not exist.
#  File has been updated.
#  Needs to be updated (-q is set).
# variable set hash-table stats:
# Load=0/32=0%, Rehash=0, Collisions=0/9=0%
#  commands to execute (from `/Users/myriamrihani/git/Drugminder/Testing/Makefile', line 68):
	@echo Executing 'all' complete!
	

.PHONY: clean
#  Implicit rule search has not been done.
#  Modification time never checked.
#  File has not been updated.

# Not a target:
/Users/myriamrihani/git/Drugminder/Testing/src/main.o:
#  Implicit rule search has been done.
#  Last modified 2021-11-14 19:27:47
#  File has been updated.
#  Successfully updated.
# variable set hash-table stats:
# Load=0/32=0%, Rehash=0, Collisions=0/0=0%

# Not a target:
.SUFFIXES:
#  Implicit rule search has not been done.
#  Modification time never checked.
#  File has not been updated.

/Users/myriamrihani/git/Drugminder/Testing/output:
#  Implicit rule search has not been done.
#  Last modified 2021-11-14 19:53:02
#  File has been updated.
#  Successfully updated.
#  commands to execute (from `/Users/myriamrihani/git/Drugminder/Testing/Makefile', line 71):
	$(MD) $(OUTPUT)
	

# Not a target:
/Users/myriamrihani/git/Drugminder/Testing/src/pill.o:
#  Implicit rule search has been done.
#  Last modified 2021-11-14 19:27:47
#  File has been updated.
#  Successfully updated.
# variable set hash-table stats:
# Load=0/32=0%, Rehash=0, Collisions=0/0=0%

# Not a target:
.DEFAULT:
#  Implicit rule search has not been done.
#  Modification time never checked.
#  File has not been updated.

run: all
#  Implicit rule search has not been done.
#  Modification time never checked.
#  File has not been updated.
#  commands to execute (from `/Users/myriamrihani/git/Drugminder/Testing/Makefile', line 90):
	./$(OUTPUTMAIN)
	@echo Executing 'run: all' complete!
	

.cpp.o:
#  Implicit rule search has not been done.
#  Modification time never checked.
#  File has not been updated.
#  commands to execute (from `/Users/myriamrihani/git/Drugminder/Testing/Makefile', line 81):
	$(CXX) $(CXXFLAGS) $(INCLUDES) -c $<  -o $@
	

clean:
#  Phony target (prerequisite of .PHONY).
#  Implicit rule search has not been done.
#  File does not exist.
#  File has not been updated.
#  commands to execute (from `/Users/myriamrihani/git/Drugminder/Testing/Makefile', line 85):
	$(RM) $(OUTPUTMAIN)
	$(RM) $(call FIXPATH,$(OBJECTS))
	@echo Cleanup complete!
	

main: /Users/myriamrihani/git/Drugminder/Testing/src/main.o /Users/myriamrihani/git/Drugminder/Testing/src/pill.o
#  Implicit rule search has not been done.
#  Implicit/static pattern stem: `'
#  File does not exist.
#  File has been updated.
#  Needs to be updated (-q is set).
# automatic
# @ := main
# automatic
# % := 
# automatic
# * := 
# automatic
# + := /Users/myriamrihani/git/Drugminder/Testing/src/main.o /Users/myriamrihani/git/Drugminder/Testing/src/pill.o
# automatic
# | := 
# automatic
# < := /Users/myriamrihani/git/Drugminder/Testing/src/main.o
# automatic
 
# ^ := /Users/myriamrihani/git/Drugminder/Testing/src/main.o /Users/myriamrihani/git/Drugminder/Testing/src/pill.o
# automatic
# ? := /Users/myriamrihani/git/Drugminder/Testing/src/main.o /Users/myriamrihani/git/Drugminder/Testing/src/pill.o
# variable set hash-table stats:
# Load=8/32=25%, Rehash=0, Collisions=2/17=12%
#  commands to execute (from `/Users/myriamrihani/git/Drugminder/Testing/Makefile', line 74):
	$(CXX) $(CXXFLAGS) $(INCLUDES) -o $(OUTPUTMAIN) $(OBJECTS) $(LFLAGS) $(LIBS)
	

# Not a target:
/Users/myriamrihani/git/Drugminder/Testing/Makefile:
#  Implicit rule search has been done.
#  Last modified 2021-11-14 19:27:47
#  File has been updated.
#  Successfully updated.
# variable set hash-table stats:
# Load=0/32=0%, Rehash=0, Collisions=0/0=0%

# files hash-table stats:
# Load=12/1024=1%, Rehash=0, Collisions=0/32=0%
# VPATH Search Paths

# No `vpath' search paths.

# No general (`VPATH' variable) search path.

# # of strings in strcache: 1
# # of strcache buffers: 1
# strcache size: total = 4096 / max = 4096 / min = 4096 / avg = 4096
# strcache free: total = 4044 / max = 4044 / min = 4044 / avg = 4044

# Finished Make data base on Sun Nov 14 19:54:06 2021

 
